<?xml version="1.0" encoding="UTF-8"?>
<testsuite xmlns:xsi="http://www.w3.org/2001/XMLSchema-instance" xsi:noNamespaceSchemaLocation="https://maven.apache.org/surefire/maven-surefire-plugin/xsd/surefire-test-report.xsd" name="RegistrationTest" time="26.181" tests="3" errors="0" skipped="0" failures="0">
  <properties>
[...]
</properties>
  <testcase name="successfullyRegistrationOnMainPage" classname="RegistrationTest" time="9.744"/>
  <testcase name="successfullyRegistrationOnRegisterPage" classname="RegistrationTest" time="8.268"/>
  <testcase name="successfullyRegistrationOnLoginPage" classname="RegistrationTest" time="8.161"/>
</testsuite>